Namespace(dropout=0.0, lr=0.001, model='resnet18', momentum=0.0, n_epochs=300, weight_decay=0.0001)


## Start Fine-tuning ##


ResNet(
  (conv1): MaskConv(3, 64, kernel_size=(7, 7), stride=(2, 2), padding=(3, 3), bias=False)
  (bn1): BatchNorm2d(64, eps=1e-05, momentum=0.1, affine=True, track_running_stats=True)
  (relu): ReLU(inplace=True)
  (maxpool): MaxPool2d(kernel_size=3, stride=2, padding=1, dilation=1, ceil_mode=False)
  (layer1): Sequential(
    (0): BasicBlock(
      (conv1): MaskConv(64, 64, kernel_size=(3, 3), stride=(1, 1), padding=(1, 1), bias=False)
      (bn1): BatchNorm2d(64, eps=1e-05, momentum=0.1, affine=True, track_running_stats=True)
      (relu): ReLU(inplace=True)
      (conv2): MaskConv(64, 64, kernel_size=(3, 3), stride=(1, 1), padding=(1, 1), bias=False)
      (bn2): BatchNorm2d(64, eps=1e-05, momentum=0.1, affine=True, track_running_stats=True)
    )
    (1): BasicBlock(
      (conv1): MaskConv(64, 64, kernel_size=(3, 3), stride=(1, 1), padding=(1, 1), bias=False)
      (bn1): BatchNorm2d(64, eps=1e-05, momentum=0.1, affine=True, track_running_stats=True)
      (relu): ReLU(inplace=True)
      (conv2): MaskConv(64, 64, kernel_size=(3, 3), stride=(1, 1), padding=(1, 1), bias=False)
      (bn2): BatchNorm2d(64, eps=1e-05, momentum=0.1, affine=True, track_running_stats=True)
    )
  )
  (layer2): Sequential(
    (0): BasicBlock(
      (conv1): MaskConv(64, 128, kernel_size=(3, 3), stride=(2, 2), padding=(1, 1), bias=False)
      (bn1): BatchNorm2d(128, eps=1e-05, momentum=0.1, affine=True, track_running_stats=True)
      (relu): ReLU(inplace=True)
      (conv2): MaskConv(128, 128, kernel_size=(3, 3), stride=(1, 1), padding=(1, 1), bias=False)
      (bn2): BatchNorm2d(128, eps=1e-05, momentum=0.1, affine=True, track_running_stats=True)
      (downsample): Sequential(
        (0): MaskConv(64, 128, kernel_size=(1, 1), stride=(2, 2), bias=False)
        (1): BatchNorm2d(128, eps=1e-05, momentum=0.1, affine=True, track_running_stats=True)
      )
    )
    (1): BasicBlock(
      (conv1): MaskConv(128, 128, kernel_size=(3, 3), stride=(1, 1), padding=(1, 1), bias=False)
      (bn1): BatchNorm2d(128, eps=1e-05, momentum=0.1, affine=True, track_running_stats=True)
      (relu): ReLU(inplace=True)
      (conv2): MaskConv(128, 128, kernel_size=(3, 3), stride=(1, 1), padding=(1, 1), bias=False)
      (bn2): BatchNorm2d(128, eps=1e-05, momentum=0.1, affine=True, track_running_stats=True)
    )
  )
  (layer3): Sequential(
    (0): BasicBlock(
      (conv1): MaskConv(128, 256, kernel_size=(3, 3), stride=(2, 2), padding=(1, 1), bias=False)
      (bn1): BatchNorm2d(256, eps=1e-05, momentum=0.1, affine=True, track_running_stats=True)
      (relu): ReLU(inplace=True)
      (conv2): MaskConv(256, 256, kernel_size=(3, 3), stride=(1, 1), padding=(1, 1), bias=False)
      (bn2): BatchNorm2d(256, eps=1e-05, momentum=0.1, affine=True, track_running_stats=True)
      (downsample): Sequential(
        (0): MaskConv(128, 256, kernel_size=(1, 1), stride=(2, 2), bias=False)
        (1): BatchNorm2d(256, eps=1e-05, momentum=0.1, affine=True, track_running_stats=True)
      )
    )
    (1): BasicBlock(
      (conv1): MaskConv(256, 256, kernel_size=(3, 3), stride=(1, 1), padding=(1, 1), bias=False)
      (bn1): BatchNorm2d(256, eps=1e-05, momentum=0.1, affine=True, track_running_stats=True)
      (relu): ReLU(inplace=True)
      (conv2): MaskConv(256, 256, kernel_size=(3, 3), stride=(1, 1), padding=(1, 1), bias=False)
      (bn2): BatchNorm2d(256, eps=1e-05, momentum=0.1, affine=True, track_running_stats=True)
    )
  )
  (layer4): Sequential(
    (0): BasicBlock(
      (conv1): MaskConv(256, 512, kernel_size=(3, 3), stride=(2, 2), padding=(1, 1), bias=False)
      (bn1): BatchNorm2d(512, eps=1e-05, momentum=0.1, affine=True, track_running_stats=True)
      (relu): ReLU(inplace=True)
      (conv2): MaskConv(512, 512, kernel_size=(3, 3), stride=(1, 1), padding=(1, 1), bias=False)
      (bn2): BatchNorm2d(512, eps=1e-05, momentum=0.1, affine=True, track_running_stats=True)
      (downsample): Sequential(
        (0): MaskConv(256, 512, kernel_size=(1, 1), stride=(2, 2), bias=False)
        (1): BatchNorm2d(512, eps=1e-05, momentum=0.1, affine=True, track_running_stats=True)
      )
    )
    (1): BasicBlock(
      (conv1): MaskConv(512, 512, kernel_size=(3, 3), stride=(1, 1), padding=(1, 1), bias=False)
      (bn1): BatchNorm2d(512, eps=1e-05, momentum=0.1, affine=True, track_running_stats=True)
      (relu): ReLU(inplace=True)
      (conv2): MaskConv(512, 512, kernel_size=(3, 3), stride=(1, 1), padding=(1, 1), bias=False)
      (bn2): BatchNorm2d(512, eps=1e-05, momentum=0.1, affine=True, track_running_stats=True)
    )
  )
  (avgpool): AdaptiveAvgPool2d(output_size=(1, 1))
  (fc): Linear(in_features=512, out_features=10, bias=True)
)

Epoch 0
--------------------------------------------------------------------------------
Train Acc: 54.69%
Val   Acc: 81.19%

Epoch 1
--------------------------------------------------------------------------------
Train Acc: 68.77%
Val   Acc: 85.74%

Epoch 2
--------------------------------------------------------------------------------
Train Acc: 72.65%
Val   Acc: 87.85%

Epoch 3
--------------------------------------------------------------------------------
Train Acc: 74.73%
Val   Acc: 88.92%

Epoch 4
--------------------------------------------------------------------------------
Train Acc: 76.05%
Val   Acc: 89.56%

Epoch 5
--------------------------------------------------------------------------------
Train Acc: 76.99%
Val   Acc: 90.11%

Epoch 6
--------------------------------------------------------------------------------
Train Acc: 77.66%
Val   Acc: 90.82%

Epoch 7
--------------------------------------------------------------------------------
Train Acc: 78.32%
Val   Acc: 90.89%

Epoch 8
--------------------------------------------------------------------------------
Train Acc: 78.78%
Val   Acc: 91.39%

Epoch 9
--------------------------------------------------------------------------------
Train Acc: 79.61%
Val   Acc: 91.66%

Epoch 10
--------------------------------------------------------------------------------
Train Acc: 80.04%
Val   Acc: 92.08%

Epoch 11
--------------------------------------------------------------------------------
Train Acc: 80.11%
Val   Acc: 91.97%

Epoch 12
--------------------------------------------------------------------------------
Train Acc: 80.77%
Val   Acc: 92.32%

Epoch 13
--------------------------------------------------------------------------------
Train Acc: 80.76%
Val   Acc: 92.21%

Epoch 14
--------------------------------------------------------------------------------
Train Acc: 81.05%
Val   Acc: 92.47%

Epoch 15
--------------------------------------------------------------------------------
Train Acc: 81.52%
Val   Acc: 92.65%

Epoch 16
--------------------------------------------------------------------------------
Train Acc: 81.64%
Val   Acc: 92.97%

Epoch 17
--------------------------------------------------------------------------------
Train Acc: 81.92%
Val   Acc: 92.86%

Epoch 18
--------------------------------------------------------------------------------
Train Acc: 82.15%
Val   Acc: 93.05%

Epoch 19
--------------------------------------------------------------------------------
Train Acc: 82.35%
Val   Acc: 93.22%

Epoch 20
--------------------------------------------------------------------------------
Train Acc: 82.56%
Val   Acc: 93.20%

Epoch 21
--------------------------------------------------------------------------------
Train Acc: 82.63%
Val   Acc: 93.30%

Epoch 22
--------------------------------------------------------------------------------
Train Acc: 82.96%
Val   Acc: 93.31%

Epoch 23
--------------------------------------------------------------------------------
Train Acc: 83.16%
Val   Acc: 93.51%

Epoch 24
--------------------------------------------------------------------------------
Train Acc: 83.29%
Val   Acc: 93.64%

Epoch 25
--------------------------------------------------------------------------------
Train Acc: 83.76%
Val   Acc: 93.49%

Epoch 26
--------------------------------------------------------------------------------
Train Acc: 83.44%
Val   Acc: 93.64%

Epoch 27
--------------------------------------------------------------------------------
Train Acc: 83.84%
Val   Acc: 93.56%

Epoch 28
--------------------------------------------------------------------------------
Train Acc: 83.55%
Val   Acc: 93.77%

Epoch 29
--------------------------------------------------------------------------------
Train Acc: 83.70%
Val   Acc: 93.87%

Epoch 30
--------------------------------------------------------------------------------
Train Acc: 84.36%
Val   Acc: 93.76%

Epoch 31
--------------------------------------------------------------------------------
Train Acc: 84.24%
Val   Acc: 93.72%

Epoch 32
--------------------------------------------------------------------------------
Train Acc: 84.59%
Val   Acc: 93.87%

Epoch 33
--------------------------------------------------------------------------------
Train Acc: 84.47%
Val   Acc: 93.86%

Epoch 34
--------------------------------------------------------------------------------
Train Acc: 84.57%
Val   Acc: 94.01%

Epoch 35
--------------------------------------------------------------------------------
Train Acc: 84.60%
Val   Acc: 93.90%

Epoch 36
--------------------------------------------------------------------------------
Train Acc: 84.85%
Val   Acc: 94.16%

Epoch 37
--------------------------------------------------------------------------------
Train Acc: 84.95%
Val   Acc: 94.14%

Epoch 38
--------------------------------------------------------------------------------
Train Acc: 84.99%
Val   Acc: 93.89%

Epoch 39
--------------------------------------------------------------------------------
Train Acc: 84.84%
Val   Acc: 94.17%

Epoch 40
--------------------------------------------------------------------------------
Train Acc: 85.39%
Val   Acc: 94.20%

Epoch 41
--------------------------------------------------------------------------------
Train Acc: 85.08%
Val   Acc: 93.88%

Epoch 42
--------------------------------------------------------------------------------
Train Acc: 85.29%
Val   Acc: 94.10%

Epoch 43
--------------------------------------------------------------------------------
Train Acc: 85.23%
Val   Acc: 94.13%

Epoch 44
--------------------------------------------------------------------------------
Train Acc: 85.44%
Val   Acc: 94.21%

Epoch 45
--------------------------------------------------------------------------------
Train Acc: 85.66%
Val   Acc: 94.13%

Epoch 46
--------------------------------------------------------------------------------
Train Acc: 85.82%
Val   Acc: 94.23%

Epoch 47
--------------------------------------------------------------------------------
Train Acc: 85.64%
Val   Acc: 94.18%

Epoch 48
--------------------------------------------------------------------------------
Train Acc: 85.93%
Val   Acc: 94.26%

Epoch 49
--------------------------------------------------------------------------------
Train Acc: 85.67%
Val   Acc: 94.17%

Epoch 50
--------------------------------------------------------------------------------
Train Acc: 85.85%
Val   Acc: 94.14%

Epoch 51
--------------------------------------------------------------------------------
Train Acc: 85.82%
Val   Acc: 94.30%

Epoch 52
--------------------------------------------------------------------------------
Train Acc: 85.94%
Val   Acc: 94.46%

Epoch 53
--------------------------------------------------------------------------------
Train Acc: 86.28%
Val   Acc: 94.39%

Epoch 54
--------------------------------------------------------------------------------
Train Acc: 86.22%
Val   Acc: 94.36%

Epoch 55
--------------------------------------------------------------------------------
Train Acc: 86.25%
Val   Acc: 94.35%

Epoch 56
--------------------------------------------------------------------------------
Train Acc: 86.23%
Val   Acc: 94.31%

Epoch 57
--------------------------------------------------------------------------------
Train Acc: 86.43%
Val   Acc: 94.61%

Epoch 58
--------------------------------------------------------------------------------
Train Acc: 86.24%
Val   Acc: 94.45%

Epoch 59
--------------------------------------------------------------------------------
Train Acc: 86.83%
Val   Acc: 94.47%

Epoch 60
--------------------------------------------------------------------------------
Train Acc: 86.67%
Val   Acc: 94.49%

Epoch 61
--------------------------------------------------------------------------------
Train Acc: 86.50%
Val   Acc: 94.45%

Epoch 62
--------------------------------------------------------------------------------
Train Acc: 86.70%
Val   Acc: 94.43%

Epoch 63
--------------------------------------------------------------------------------
Train Acc: 86.97%
Val   Acc: 94.51%

Epoch 64
--------------------------------------------------------------------------------
Train Acc: 86.61%
Val   Acc: 94.48%

Epoch 65
--------------------------------------------------------------------------------
Train Acc: 86.72%
Val   Acc: 94.65%

Epoch 66
--------------------------------------------------------------------------------
Train Acc: 86.74%
Val   Acc: 94.57%

Epoch 67
--------------------------------------------------------------------------------
Train Acc: 87.02%
Val   Acc: 94.50%

Epoch 68
--------------------------------------------------------------------------------
Train Acc: 86.98%
Val   Acc: 94.81%

Epoch 69
--------------------------------------------------------------------------------
Train Acc: 86.97%
Val   Acc: 94.54%

Epoch 70
--------------------------------------------------------------------------------
Train Acc: 87.24%
Val   Acc: 94.73%

Epoch 71
--------------------------------------------------------------------------------
Train Acc: 87.11%
Val   Acc: 94.73%

Epoch 72
--------------------------------------------------------------------------------
Train Acc: 87.29%
Val   Acc: 94.69%

Epoch 73
--------------------------------------------------------------------------------
Train Acc: 87.31%
Val   Acc: 94.48%

Epoch 74
--------------------------------------------------------------------------------
Train Acc: 87.91%
Val   Acc: 94.72%

Epoch 75
--------------------------------------------------------------------------------
Train Acc: 87.52%
Val   Acc: 94.74%

Epoch 76
--------------------------------------------------------------------------------
Train Acc: 87.65%
Val   Acc: 94.58%

Epoch 77
--------------------------------------------------------------------------------
Train Acc: 87.66%
Val   Acc: 94.74%

Epoch 78
--------------------------------------------------------------------------------
Train Acc: 87.65%
Val   Acc: 94.85%

Epoch 79
--------------------------------------------------------------------------------
Train Acc: 87.77%
Val   Acc: 94.50%

Epoch 80
--------------------------------------------------------------------------------
Train Acc: 87.49%
Val   Acc: 94.83%

Epoch 81
--------------------------------------------------------------------------------
Train Acc: 87.41%
Val   Acc: 94.89%

Epoch 82
--------------------------------------------------------------------------------
Train Acc: 87.65%
Val   Acc: 94.93%

Epoch 83
--------------------------------------------------------------------------------
Train Acc: 87.63%
Val   Acc: 94.75%

Epoch 84
--------------------------------------------------------------------------------
Train Acc: 87.55%
Val   Acc: 94.78%

Epoch 85
--------------------------------------------------------------------------------
Train Acc: 88.08%
Val   Acc: 94.81%

Epoch 86
--------------------------------------------------------------------------------
Train Acc: 88.24%
Val   Acc: 94.86%

Epoch 87
--------------------------------------------------------------------------------
Train Acc: 88.08%
Val   Acc: 94.77%

Epoch 88
--------------------------------------------------------------------------------
Train Acc: 88.11%
Val   Acc: 95.02%

Epoch 89
--------------------------------------------------------------------------------
Train Acc: 87.92%
Val   Acc: 94.97%

Epoch 90
--------------------------------------------------------------------------------
Train Acc: 88.03%
Val   Acc: 94.84%

Epoch 91
--------------------------------------------------------------------------------
Train Acc: 87.95%
Val   Acc: 94.89%

Epoch 92
--------------------------------------------------------------------------------
Train Acc: 88.04%
Val   Acc: 94.92%

Epoch 93
--------------------------------------------------------------------------------
Train Acc: 88.12%
Val   Acc: 94.82%

Epoch 94
--------------------------------------------------------------------------------
Train Acc: 88.24%
Val   Acc: 94.85%

Epoch 95
--------------------------------------------------------------------------------
Train Acc: 88.06%
Val   Acc: 94.93%

Epoch 96
--------------------------------------------------------------------------------
Train Acc: 88.52%
Val   Acc: 94.93%

Epoch 97
--------------------------------------------------------------------------------
Train Acc: 88.38%
Val   Acc: 94.70%

Epoch 98
--------------------------------------------------------------------------------
Train Acc: 88.53%
Val   Acc: 94.84%

Epoch 99
--------------------------------------------------------------------------------
Train Acc: 88.37%
Val   Acc: 94.76%

Epoch 100
--------------------------------------------------------------------------------
Train Acc: 88.16%
Val   Acc: 94.91%

Epoch 101
--------------------------------------------------------------------------------
Train Acc: 88.75%
Val   Acc: 94.95%

Epoch 102
--------------------------------------------------------------------------------
Train Acc: 88.46%
Val   Acc: 94.93%

Epoch 103
--------------------------------------------------------------------------------
Train Acc: 88.53%
Val   Acc: 94.92%

Epoch 104
--------------------------------------------------------------------------------
Train Acc: 88.75%
Val   Acc: 94.93%

Epoch 105
--------------------------------------------------------------------------------
Train Acc: 88.66%
Val   Acc: 95.10%

Epoch 106
--------------------------------------------------------------------------------
Train Acc: 88.72%
Val   Acc: 95.07%

Epoch 107
--------------------------------------------------------------------------------
Train Acc: 88.89%
Val   Acc: 94.91%

Epoch 108
--------------------------------------------------------------------------------
Train Acc: 89.16%
Val   Acc: 94.92%

Epoch 109
--------------------------------------------------------------------------------
Train Acc: 88.81%
Val   Acc: 95.20%

Epoch 110
--------------------------------------------------------------------------------
Train Acc: 88.83%
Val   Acc: 95.09%

Epoch 111
--------------------------------------------------------------------------------
Train Acc: 88.90%
Val   Acc: 95.04%

Epoch 112
--------------------------------------------------------------------------------
Train Acc: 89.06%
Val   Acc: 94.91%

Epoch 113
--------------------------------------------------------------------------------
Train Acc: 88.97%
Val   Acc: 95.36%

Epoch 114
--------------------------------------------------------------------------------
Train Acc: 89.17%
Val   Acc: 95.16%

Epoch 115
--------------------------------------------------------------------------------
Train Acc: 88.84%
Val   Acc: 95.17%

Epoch 116
--------------------------------------------------------------------------------
Train Acc: 88.85%
Val   Acc: 95.06%

Epoch 117
--------------------------------------------------------------------------------
Train Acc: 89.14%
Val   Acc: 95.09%

Epoch 118
--------------------------------------------------------------------------------
Train Acc: 88.91%
Val   Acc: 95.08%

Epoch 119
--------------------------------------------------------------------------------
Train Acc: 89.21%
Val   Acc: 95.10%

Epoch 120
--------------------------------------------------------------------------------
Train Acc: 89.36%
Val   Acc: 95.00%

Epoch 121
--------------------------------------------------------------------------------
Train Acc: 89.00%
Val   Acc: 95.16%

Epoch 122
--------------------------------------------------------------------------------
Train Acc: 89.52%
Val   Acc: 95.16%

Epoch 123
--------------------------------------------------------------------------------
Train Acc: 89.36%
Val   Acc: 95.22%

Epoch 124
--------------------------------------------------------------------------------
Train Acc: 89.25%
Val   Acc: 95.17%

Epoch 125
--------------------------------------------------------------------------------
Train Acc: 89.18%
Val   Acc: 95.22%

Epoch 126
--------------------------------------------------------------------------------
Train Acc: 89.23%
Val   Acc: 95.24%

Epoch 127
--------------------------------------------------------------------------------
Train Acc: 89.38%
Val   Acc: 95.24%

Epoch 128
--------------------------------------------------------------------------------
Train Acc: 89.39%
Val   Acc: 95.21%

Epoch 129
--------------------------------------------------------------------------------
Train Acc: 89.37%
Val   Acc: 95.29%

Epoch 130
--------------------------------------------------------------------------------
Train Acc: 89.60%
Val   Acc: 95.16%

Epoch 131
--------------------------------------------------------------------------------
Train Acc: 89.39%
Val   Acc: 95.32%

Epoch 132
--------------------------------------------------------------------------------
Train Acc: 89.66%
Val   Acc: 95.23%

Epoch 133
--------------------------------------------------------------------------------
Train Acc: 89.26%
Val   Acc: 95.09%

Epoch 134
--------------------------------------------------------------------------------
Train Acc: 89.59%
Val   Acc: 95.31%

Epoch 135
--------------------------------------------------------------------------------
Train Acc: 89.59%
Val   Acc: 95.38%

Epoch 136
--------------------------------------------------------------------------------
Train Acc: 89.68%
Val   Acc: 95.22%

Epoch 137
--------------------------------------------------------------------------------
Train Acc: 89.77%
Val   Acc: 95.31%

Epoch 138
--------------------------------------------------------------------------------
Train Acc: 89.96%
Val   Acc: 95.24%

Epoch 139
--------------------------------------------------------------------------------
Train Acc: 89.55%
Val   Acc: 95.39%

Epoch 140
--------------------------------------------------------------------------------
Train Acc: 89.74%
Val   Acc: 95.53%

Epoch 141
--------------------------------------------------------------------------------
Train Acc: 89.80%
Val   Acc: 95.15%

Epoch 142
--------------------------------------------------------------------------------
Train Acc: 90.00%
Val   Acc: 95.40%

Epoch 143
--------------------------------------------------------------------------------
Train Acc: 89.91%
Val   Acc: 95.24%

Epoch 144
--------------------------------------------------------------------------------
Train Acc: 89.95%
Val   Acc: 95.11%

Epoch 145
--------------------------------------------------------------------------------
Train Acc: 89.57%
Val   Acc: 95.12%

Epoch 146
--------------------------------------------------------------------------------
Train Acc: 89.48%
Val   Acc: 95.16%

Epoch 147
--------------------------------------------------------------------------------
Train Acc: 89.68%
Val   Acc: 95.38%

Epoch 148
--------------------------------------------------------------------------------
Train Acc: 89.91%
Val   Acc: 95.22%

Epoch 149
--------------------------------------------------------------------------------
Train Acc: 89.87%
Val   Acc: 95.11%

Epoch 150
--------------------------------------------------------------------------------
Train Acc: 89.75%
Val   Acc: 95.21%

Epoch 151
--------------------------------------------------------------------------------
Train Acc: 90.04%
Val   Acc: 95.26%

Epoch 152
--------------------------------------------------------------------------------
Train Acc: 90.04%
Val   Acc: 95.14%

Epoch 153
--------------------------------------------------------------------------------
Train Acc: 89.97%
Val   Acc: 95.13%

Epoch 154
--------------------------------------------------------------------------------
Train Acc: 89.86%
Val   Acc: 95.10%

Epoch 155
--------------------------------------------------------------------------------
Train Acc: 90.05%
Val   Acc: 95.11%

Epoch 156
--------------------------------------------------------------------------------
Train Acc: 89.90%
Val   Acc: 95.15%

Epoch 157
--------------------------------------------------------------------------------
Train Acc: 89.92%
Val   Acc: 95.17%

Epoch 158
--------------------------------------------------------------------------------
Train Acc: 90.16%
Val   Acc: 95.27%

Epoch 159
--------------------------------------------------------------------------------
Train Acc: 90.20%
Val   Acc: 95.08%

Epoch 160
--------------------------------------------------------------------------------
Train Acc: 90.07%
Val   Acc: 95.28%

Epoch 161
--------------------------------------------------------------------------------
Train Acc: 90.46%
Val   Acc: 95.15%

Epoch 162
--------------------------------------------------------------------------------
Train Acc: 90.15%
Val   Acc: 95.14%

Epoch 163
--------------------------------------------------------------------------------
Train Acc: 90.13%
Val   Acc: 95.22%

Epoch 164
--------------------------------------------------------------------------------
Train Acc: 90.03%
Val   Acc: 95.27%

Epoch 165
--------------------------------------------------------------------------------
Train Acc: 90.20%
Val   Acc: 95.34%

Epoch 166
--------------------------------------------------------------------------------
Train Acc: 90.26%
Val   Acc: 95.07%

Epoch 167
--------------------------------------------------------------------------------
Train Acc: 90.48%
Val   Acc: 95.30%

Epoch 168
--------------------------------------------------------------------------------
Train Acc: 90.34%
Val   Acc: 95.16%

Epoch 169
--------------------------------------------------------------------------------
Train Acc: 90.18%
Val   Acc: 95.22%

Epoch 170
--------------------------------------------------------------------------------
Train Acc: 90.19%
Val   Acc: 95.25%

Epoch 171
--------------------------------------------------------------------------------
Train Acc: 90.51%
Val   Acc: 95.26%

Epoch 172
--------------------------------------------------------------------------------
Train Acc: 90.33%
Val   Acc: 95.21%

Epoch 173
--------------------------------------------------------------------------------
Train Acc: 90.22%
Val   Acc: 95.33%

Epoch 174
--------------------------------------------------------------------------------
Train Acc: 90.21%
Val   Acc: 95.44%

Epoch 175
--------------------------------------------------------------------------------
Train Acc: 90.49%
Val   Acc: 95.51%

Epoch 176
--------------------------------------------------------------------------------
Train Acc: 90.45%
Val   Acc: 95.44%

Epoch 177
--------------------------------------------------------------------------------
Train Acc: 90.64%
Val   Acc: 95.38%

Epoch 178
--------------------------------------------------------------------------------
Train Acc: 90.32%
Val   Acc: 95.40%

Epoch 179
--------------------------------------------------------------------------------
Train Acc: 90.61%
Val   Acc: 95.37%

Epoch 180
--------------------------------------------------------------------------------
Train Acc: 90.15%
Val   Acc: 95.37%

Epoch 181
--------------------------------------------------------------------------------
Train Acc: 90.58%
Val   Acc: 95.29%

Epoch 182
--------------------------------------------------------------------------------
Train Acc: 90.62%
Val   Acc: 95.24%

Epoch 183
--------------------------------------------------------------------------------
Train Acc: 90.67%
Val   Acc: 95.28%

Epoch 184
--------------------------------------------------------------------------------
Train Acc: 90.41%
Val   Acc: 95.25%

Epoch 185
--------------------------------------------------------------------------------
Train Acc: 90.57%
Val   Acc: 95.37%

Epoch 186
--------------------------------------------------------------------------------
Train Acc: 90.68%
Val   Acc: 95.38%

Epoch 187
--------------------------------------------------------------------------------
Train Acc: 90.86%
Val   Acc: 95.37%

Epoch 188
--------------------------------------------------------------------------------
Train Acc: 90.47%
Val   Acc: 95.38%

Epoch 189
--------------------------------------------------------------------------------
Train Acc: 90.61%
Val   Acc: 95.45%

Epoch 190
--------------------------------------------------------------------------------
Train Acc: 90.74%
Val   Acc: 95.34%

Epoch 191
--------------------------------------------------------------------------------
Train Acc: 90.61%
Val   Acc: 95.38%

Epoch 192
--------------------------------------------------------------------------------
Train Acc: 90.73%
Val   Acc: 95.32%

Epoch 193
--------------------------------------------------------------------------------
Train Acc: 90.77%
Val   Acc: 95.41%

Epoch 194
--------------------------------------------------------------------------------
Train Acc: 90.49%
Val   Acc: 95.46%

Epoch 195
--------------------------------------------------------------------------------
Train Acc: 90.83%
Val   Acc: 95.51%

Epoch 196
--------------------------------------------------------------------------------
Train Acc: 90.72%
Val   Acc: 95.43%

Epoch 197
--------------------------------------------------------------------------------
Train Acc: 90.58%
Val   Acc: 95.36%

Epoch 198
--------------------------------------------------------------------------------
Train Acc: 90.68%
Val   Acc: 95.48%

Epoch 199
--------------------------------------------------------------------------------
Train Acc: 90.94%
Val   Acc: 95.37%

Epoch 200
--------------------------------------------------------------------------------
Train Acc: 90.81%
Val   Acc: 95.46%

Epoch 201
--------------------------------------------------------------------------------
Train Acc: 90.86%
Val   Acc: 95.53%

Epoch 202
--------------------------------------------------------------------------------
Train Acc: 90.73%
Val   Acc: 95.36%

Epoch 203
--------------------------------------------------------------------------------
Train Acc: 90.63%
Val   Acc: 95.40%

Epoch 204
--------------------------------------------------------------------------------
Train Acc: 90.77%
Val   Acc: 95.49%

Epoch 205
--------------------------------------------------------------------------------
Train Acc: 90.98%
Val   Acc: 95.26%

Epoch 206
--------------------------------------------------------------------------------
Train Acc: 91.11%
Val   Acc: 95.29%

Epoch 207
--------------------------------------------------------------------------------
Train Acc: 91.01%
Val   Acc: 95.48%

Epoch 208
--------------------------------------------------------------------------------
Train Acc: 90.92%
Val   Acc: 95.53%

Epoch 209
--------------------------------------------------------------------------------
Train Acc: 90.70%
Val   Acc: 95.53%

Epoch 210
--------------------------------------------------------------------------------
Train Acc: 90.67%
Val   Acc: 95.39%

Epoch 211
--------------------------------------------------------------------------------
Train Acc: 91.00%
Val   Acc: 95.47%

Epoch 212
--------------------------------------------------------------------------------
Train Acc: 90.85%
Val   Acc: 95.54%

Epoch 213
--------------------------------------------------------------------------------
Train Acc: 91.00%
Val   Acc: 95.44%

Epoch 214
--------------------------------------------------------------------------------
Train Acc: 90.87%
Val   Acc: 95.34%

Epoch 215
--------------------------------------------------------------------------------
Train Acc: 91.10%
Val   Acc: 95.50%

Epoch 216
--------------------------------------------------------------------------------
Train Acc: 91.10%
Val   Acc: 95.43%

Epoch 217
--------------------------------------------------------------------------------
Train Acc: 91.40%
Val   Acc: 95.48%

Epoch 218
--------------------------------------------------------------------------------
Train Acc: 91.05%
Val   Acc: 95.46%

Epoch 219
--------------------------------------------------------------------------------
Train Acc: 90.96%
Val   Acc: 95.31%

Epoch 220
--------------------------------------------------------------------------------
Train Acc: 90.95%
Val   Acc: 95.48%

Epoch 221
--------------------------------------------------------------------------------
Train Acc: 91.26%
Val   Acc: 95.40%

Epoch 222
--------------------------------------------------------------------------------
Train Acc: 91.16%
Val   Acc: 95.40%

Epoch 223
--------------------------------------------------------------------------------
Train Acc: 91.22%
Val   Acc: 95.38%

Epoch 224
--------------------------------------------------------------------------------
Train Acc: 91.20%
Val   Acc: 95.30%

Epoch 225
--------------------------------------------------------------------------------
Train Acc: 91.29%
Val   Acc: 95.44%

Epoch 226
--------------------------------------------------------------------------------
Train Acc: 91.19%
Val   Acc: 95.47%

Epoch 227
--------------------------------------------------------------------------------
Train Acc: 90.99%
Val   Acc: 95.44%

Epoch 228
--------------------------------------------------------------------------------
Train Acc: 91.31%
Val   Acc: 95.50%

Epoch 229
--------------------------------------------------------------------------------
Train Acc: 91.29%
Val   Acc: 95.39%

Epoch 230
--------------------------------------------------------------------------------
Train Acc: 91.19%
Val   Acc: 95.47%

Epoch 231
--------------------------------------------------------------------------------
Train Acc: 91.30%
Val   Acc: 95.32%

Epoch 232
--------------------------------------------------------------------------------
Train Acc: 91.35%
Val   Acc: 95.44%

Epoch 233
--------------------------------------------------------------------------------
Train Acc: 91.49%
Val   Acc: 95.62%

Epoch 234
--------------------------------------------------------------------------------
Train Acc: 91.38%
Val   Acc: 95.51%

Epoch 235
--------------------------------------------------------------------------------
Train Acc: 91.27%
Val   Acc: 95.46%

Epoch 236
--------------------------------------------------------------------------------
Train Acc: 91.37%
Val   Acc: 95.43%

Epoch 237
--------------------------------------------------------------------------------
Train Acc: 91.62%
Val   Acc: 95.46%

Epoch 238
--------------------------------------------------------------------------------
Train Acc: 91.29%
Val   Acc: 95.42%

Epoch 239
--------------------------------------------------------------------------------
Train Acc: 91.22%
Val   Acc: 95.53%

Epoch 240
--------------------------------------------------------------------------------
Train Acc: 91.46%
Val   Acc: 95.43%

Epoch 241
--------------------------------------------------------------------------------
Train Acc: 91.30%
Val   Acc: 95.50%

Epoch 242
--------------------------------------------------------------------------------
Train Acc: 91.15%
Val   Acc: 95.56%

Epoch 243
--------------------------------------------------------------------------------
Train Acc: 91.19%
Val   Acc: 95.37%

Epoch 244
--------------------------------------------------------------------------------
Train Acc: 91.25%
Val   Acc: 95.44%

Epoch 245
--------------------------------------------------------------------------------
Train Acc: 91.39%
Val   Acc: 95.35%

Epoch 246
--------------------------------------------------------------------------------
Train Acc: 91.39%
Val   Acc: 95.32%

Epoch 247
--------------------------------------------------------------------------------
Train Acc: 91.35%
Val   Acc: 95.40%

Epoch 248
--------------------------------------------------------------------------------
Train Acc: 91.59%
Val   Acc: 95.62%

Epoch 249
--------------------------------------------------------------------------------
Train Acc: 91.52%
Val   Acc: 95.45%

Epoch 250
--------------------------------------------------------------------------------
Train Acc: 91.62%
Val   Acc: 95.48%

Epoch 251
--------------------------------------------------------------------------------
Train Acc: 91.62%
Val   Acc: 95.45%

Epoch 252
--------------------------------------------------------------------------------
Train Acc: 91.74%
Val   Acc: 95.39%

Epoch 253
--------------------------------------------------------------------------------
Train Acc: 91.54%
Val   Acc: 95.58%

Epoch 254
--------------------------------------------------------------------------------
Train Acc: 91.48%
Val   Acc: 95.37%

Epoch 255
--------------------------------------------------------------------------------
Train Acc: 91.55%
Val   Acc: 95.37%

Epoch 256
--------------------------------------------------------------------------------
Train Acc: 91.54%
Val   Acc: 95.52%

Epoch 257
--------------------------------------------------------------------------------
Train Acc: 91.62%
Val   Acc: 95.46%

Epoch 258
--------------------------------------------------------------------------------
Train Acc: 91.46%
Val   Acc: 95.55%

Epoch 259
--------------------------------------------------------------------------------
Train Acc: 91.60%
Val   Acc: 95.48%

Epoch 260
--------------------------------------------------------------------------------
Train Acc: 91.72%
Val   Acc: 95.59%

Epoch 261
--------------------------------------------------------------------------------
Train Acc: 91.84%
Val   Acc: 95.58%

Epoch 262
--------------------------------------------------------------------------------
Train Acc: 91.71%
Val   Acc: 95.47%

Epoch 263
--------------------------------------------------------------------------------
Train Acc: 91.52%
Val   Acc: 95.41%

Epoch 264
--------------------------------------------------------------------------------
Train Acc: 91.64%
Val   Acc: 95.43%

Epoch 265
--------------------------------------------------------------------------------
Train Acc: 91.61%
Val   Acc: 95.64%

Epoch 266
--------------------------------------------------------------------------------
Train Acc: 91.51%
Val   Acc: 95.54%

Epoch 267
--------------------------------------------------------------------------------
Train Acc: 91.59%
Val   Acc: 95.46%

Epoch 268
--------------------------------------------------------------------------------
Train Acc: 91.56%
Val   Acc: 95.49%

Epoch 269
--------------------------------------------------------------------------------
Train Acc: 91.81%
Val   Acc: 95.45%

Epoch 270
--------------------------------------------------------------------------------
Train Acc: 91.68%
Val   Acc: 95.54%

Epoch 271
--------------------------------------------------------------------------------
Train Acc: 91.77%
Val   Acc: 95.59%

Epoch 272
--------------------------------------------------------------------------------
Train Acc: 91.86%
Val   Acc: 95.50%

Epoch 273
--------------------------------------------------------------------------------
Train Acc: 91.83%
Val   Acc: 95.55%

Epoch 274
--------------------------------------------------------------------------------
Train Acc: 92.01%
Val   Acc: 95.72%

Epoch 275
--------------------------------------------------------------------------------
Train Acc: 91.75%
Val   Acc: 95.48%

Epoch 276
--------------------------------------------------------------------------------
Train Acc: 91.81%
Val   Acc: 95.57%

Epoch 277
--------------------------------------------------------------------------------
Train Acc: 91.74%
Val   Acc: 95.69%

Epoch 278
--------------------------------------------------------------------------------
Train Acc: 91.68%
Val   Acc: 95.61%

Epoch 279
--------------------------------------------------------------------------------
Train Acc: 91.68%
Val   Acc: 95.66%

Epoch 280
--------------------------------------------------------------------------------
Train Acc: 92.00%
Val   Acc: 95.60%

Epoch 281
--------------------------------------------------------------------------------
Train Acc: 91.92%
Val   Acc: 95.65%

Epoch 282
--------------------------------------------------------------------------------
Train Acc: 92.11%
Val   Acc: 95.63%

Epoch 283
--------------------------------------------------------------------------------
Train Acc: 91.74%
Val   Acc: 95.49%

Epoch 284
--------------------------------------------------------------------------------
Train Acc: 91.85%
Val   Acc: 95.53%

Epoch 285
--------------------------------------------------------------------------------
Train Acc: 91.80%
Val   Acc: 95.63%

Epoch 286
--------------------------------------------------------------------------------
Train Acc: 91.87%
Val   Acc: 95.49%

Epoch 287
--------------------------------------------------------------------------------
Train Acc: 91.86%
Val   Acc: 95.51%

Epoch 288
--------------------------------------------------------------------------------
Train Acc: 92.09%
Val   Acc: 95.54%

Epoch 289
--------------------------------------------------------------------------------
Train Acc: 91.82%
Val   Acc: 95.62%

Epoch 290
--------------------------------------------------------------------------------
Train Acc: 91.79%
Val   Acc: 95.52%

Epoch 291
--------------------------------------------------------------------------------
Train Acc: 91.94%
Val   Acc: 95.51%

Epoch 292
--------------------------------------------------------------------------------
Train Acc: 91.97%
Val   Acc: 95.38%

Epoch 293
--------------------------------------------------------------------------------
Train Acc: 91.88%
Val   Acc: 95.54%

Epoch 294
--------------------------------------------------------------------------------
Train Acc: 91.80%
Val   Acc: 95.62%

Epoch 295
--------------------------------------------------------------------------------
Train Acc: 92.05%
Val   Acc: 95.63%

Epoch 296
--------------------------------------------------------------------------------
Train Acc: 92.20%
Val   Acc: 95.62%

Epoch 297
--------------------------------------------------------------------------------
Train Acc: 92.11%
Val   Acc: 95.63%

Epoch 298
--------------------------------------------------------------------------------
Train Acc: 92.03%
Val   Acc: 95.44%

Epoch 299
--------------------------------------------------------------------------------
Train Acc: 92.02%
Val   Acc: 95.37%

Best Epoch: 274
Best Acc  : 95.72%
Finish Fine-tuning.


